WARNING: Tue May 26 21:33:35 2020
 Duplicate entry '1' for key 'lecturers.PRIMARY'
 on Query: INSERT INTO lecturers (id, name, age, email, department) VALUES (1, 'Michael English', 56, 'michael.english@ul.ie', 'CSIS');
WARNING: Tue May 26 21:33:35 2020
 Duplicate entry '2' for key 'lecturers.PRIMARY'
 on Query: INSERT INTO lecturers (id, name, age, email, department) VALUES (2, 'Patrick Healy', 59, 'patrick.healy@ul.ie', 'CSIS');
WARNING: Tue May 26 21:33:35 2020
 Duplicate entry 'LM051' for key 'courses.PRIMARY'
 on Query: INSERT INTO courses (id, type, name, duration, course_leader) VALUES ('LM051', 'BSc', 'Computer Systems', 4, 2);
WARNING: Tue May 26 21:33:35 2020
 Duplicate entry '18222021' for key 'students.PRIMARY'
 on Query: INSERT INTO students (id, name, age, email, qca, course) VALUES (18222021, 'Edward Lynch-Milner', 20, '18222021@studentmail.ul.ie', 4.000000, 'LM051');
WARNING: Tue May 26 21:33:35 2020
 Duplicate entry 'CS4115' for key 'modules.PRIMARY'
 on Query: INSERT INTO modules (code, name, credits, lecturer) VALUES ('CS4115', 'Data Structures and Algorithms', 6, 2);
WARNING: Tue May 26 21:33:35 2020
 Duplicate entry 'Mid-Term Exam SEM2 19/20-2019-2' for key 'exams.name'
 on Query: INSERT INTO exams (module, name, year, semester, numberOfQuestions, weightPerQuestion, totalWeight) VALUES ('CS4115', 'Mid-Term Exam SEM2 19/20', 2019, 2, 20, 0.500000, 10.000000);
WARNING: Tue May 26 21:33:35 2020
 Duplicate entry 'Final Exam-2019-2' for key 'exams.name'
 on Query: INSERT INTO exams (module, name, year, semester, numberOfQuestions, weightPerQuestion, totalWeight) VALUES ('CS4115', 'Final Exam', 2019, 2, 30, 2.000000, 60.000000);
WARNING: Tue May 26 21:33:35 2020
 Duplicate entry '18222021-1' for key 'exam_grades.PRIMARY'
 on Query: INSERT INTO exam_grades (student, exam, grade) VALUES (18222021, 1, 18.000000);
WARNING: Tue May 26 21:33:35 2020
 Duplicate entry 'CS4115-18222021' for key 'module_grades.PRIMARY'
 on Query: CALL calculate_grades('CS4115', 18222021);
